{"/home/pasip/projetos_trybe/sd-019-c-project-blogs-api/tests/assets/constants.js": {"path":"/home/pasip/projetos_trybe/sd-019-c-project-blogs-api/tests/assets/constants.js","statementMap":{"0":{"start":{"line":1,"column":0},"end":{"line":9,"column":1}}},"fnMap":{},"branchMap":{},"s":{"0":1},"f":{},"b":{},"_coverageSchema":"1a1c01bbd47fc00a2c39e90264f33305004495a9","hash":"6a382f24b69d65423c0aa79eca0888f5325efd73"}
,"/home/pasip/projetos_trybe/sd-019-c-project-blogs-api/tests/assets/queries.js": {"path":"/home/pasip/projetos_trybe/sd-019-c-project-blogs-api/tests/assets/queries.js","statementMap":{"0":{"start":{"line":1,"column":0},"end":{"line":47,"column":1}}},"fnMap":{},"branchMap":{},"s":{"0":1},"f":{},"b":{},"_coverageSchema":"1a1c01bbd47fc00a2c39e90264f33305004495a9","hash":"c27ecc2ae193612aa0a7547174b04bd133903a8e"}
}
